Logging to logs/tft_best_trial4_20260609_115143.log
Starting TFT final training from Optuna trial 4 at Tue Jun  9 11:51:43 CST 2026
[rank: 0] Seed set to 46
Runtime: distributed=True, rank=0, local_rank=0, world_size=2, precision=16-mixed
[rank: 1] Seed set to 46
Loaded Optuna trial 4 from optuna_tuning_gpu_full/tft_ddp_sweep.db (val_loss=0.04089380).
Trial parameters: {'gradient_clip_val': 0.7398208525035105, 'hidden_size': 34, 'hidden_continuous_size': 17, 'attention_head_size': 4, 'dropout': 0.2843862685409345, 'learning_rate': 0.004024066395504844}
Loading processed TFT data...
Using all 2,248 regions, 11,498,520 training rows, 1,025,088 validation rows.
Dataset samples: train=11,217,520, val=2,248. Batch sizes per GPU: train=2048, val=1024; workers per GPU=6.
Using 16bit Automatic Mixed Precision (AMP)
GPU available: True (cuda), used: True
TPU available: False, using: 0 TPU cores
💡 Tip: For seamless cloud logging and experiment tracking, try installing [litlogger](https://pypi.org/project/litlogger/) to enable LitLogger, which logs metrics and artifacts automatically to the Lightning Experiments platform.
NCCL version 2.21.5+cuda12.4

876336ee4137:2121551:2125162 [1] graph/search.cc:1036 NCCL WARN Could not find a path for pattern 4, falling back to simple order

876336ee4137:2121551:2125162 [1] graph/search.cc:1036 NCCL WARN Could not find a path for pattern 1, falling back to simple order

876336ee4137:2121550:2125142 [0] graph/search.cc:1036 NCCL WARN Could not find a path for pattern 4, falling back to simple order

876336ee4137:2121550:2125142 [0] graph/search.cc:1036 NCCL WARN Could not find a path for pattern 1, falling back to simple order
LOCAL_RANK: 0 - CUDA_VISIBLE_DEVICES: [0,1]
LOCAL_RANK: 1 - CUDA_VISIBLE_DEVICES: [0,1]

   | Name                               | Type                            | Params | Mode  | FLOPs
--------------------------------------------------------------------------------------------------------
0  | loss                               | MAE                             | 0      | train | 0    
1  | logging_metrics                    | ModuleList                      | 0      | train | 0    
2  | input_embeddings                   | MultiEmbedding                  | 76.4 K | train | 0    
3  | prescalers                         | ModuleDict                      | 714    | train | 0    
4  | static_variable_selection          | VariableSelectionNetwork        | 102    | train | 0    
5  | encoder_variable_selection         | VariableSelectionNetwork        | 52.6 K | train | 0    
6  | decoder_variable_selection         | VariableSelectionNetwork        | 10.9 K | train | 0    
7  | static_context_variable_selection  | GatedResidualNetwork            | 4.8 K  | train | 0    
8  | static_context_initial_hidden_lstm | GatedResidualNetwork            | 4.8 K  | train | 0    
9  | static_context_initial_cell_lstm   | GatedResidualNetwork            | 4.8 K  | train | 0    
10 | static_context_enrichment          | GatedResidualNetwork            | 4.8 K  | train | 0    
11 | lstm_encoder                       | LSTM                            | 9.5 K  | train | 0    
12 | lstm_decoder                       | LSTM                            | 9.5 K  | train | 0    
13 | post_lstm_gate_encoder             | GatedLinearUnit                 | 2.4 K  | train | 0    
14 | post_lstm_add_norm_encoder         | AddNorm                         | 68     | train | 0    
15 | static_enrichment                  | GatedResidualNetwork            | 6.0 K  | train | 0    
16 | multihead_attn                     | InterpretableMultiHeadAttention | 2.8 K  | train | 0    
17 | post_attn_gate_norm                | GateAddNorm                     | 2.4 K  | train | 0    
18 | pos_wise_ff                        | GatedResidualNetwork            | 4.8 K  | train | 0    
19 | pre_output_gate_norm               | GateAddNorm                     | 2.4 K  | train | 0    
20 | output_layer                       | Linear                          | 35     | train | 0    
--------------------------------------------------------------------------------------------------------
199 K     Trainable params
0         Non-trainable params
199 K     Total params
0.797     Total estimated model params size (MB)
536       Modules in train mode
0         Modules in eval mode
0         Total Flops
Training: |          | 0/? [00:00<?, ?it/s]Training: |          | 0/? [00:00<?, ?it/s]Epoch 0:   0%|          | 0/2738 [00:00<?, ?it/s][rank0]: Traceback (most recent call last):
[rank0]:   File "/root/train_best_tft_trial4.py", line 321, in <module>
[rank0]:     train()
[rank0]:   File "/root/train_best_tft_trial4.py", line 299, in train
[rank0]:     trainer.fit(
[rank0]:   File "/opt/miniforge3/lib/python3.12/site-packages/lightning/pytorch/trainer/trainer.py", line 584, in fit
[rank0]:     call._call_and_handle_interrupt(
[rank0]:   File "/opt/miniforge3/lib/python3.12/site-packages/lightning/pytorch/trainer/call.py", line 48, in _call_and_handle_interrupt
[rank0]:     return trainer.strategy.launcher.launch(trainer_fn, *args, trainer=trainer, **kwargs)
[rank0]:            ^^^^^^^^^^^^^^^^^^^^^^^^^^^^^^^^^^^^^^^^^^^^^^^^^^^^^^^^^^^^^^^^^^^^^^^^^^^^^^
[rank0]:   File "/opt/miniforge3/lib/python3.12/site-packages/lightning/pytorch/strategies/launchers/subprocess_script.py", line 105, in launch
[rank0]:     return function(*args, **kwargs)
[rank0]:            ^^^^^^^^^^^^^^^^^^^^^^^^^
[rank0]:   File "/opt/miniforge3/lib/python3.12/site-packages/lightning/pytorch/trainer/trainer.py", line 630, in _fit_impl
[rank0]:     self._run(model, ckpt_path=ckpt_path, weights_only=weights_only)
[rank0]:   File "/opt/miniforge3/lib/python3.12/site-packages/lightning/pytorch/trainer/trainer.py", line 1079, in _run
[rank0]:     results = self._run_stage()
[rank0]:               ^^^^^^^^^^^^^^^^^
[rank0]:   File "/opt/miniforge3/lib/python3.12/site-packages/lightning/pytorch/trainer/trainer.py", line 1123, in _run_stage
[rank0]:     self.fit_loop.run()
[rank0]:   File "/opt/miniforge3/lib/python3.12/site-packages/lightning/pytorch/loops/fit_loop.py", line 217, in run
[rank0]:     self.advance()
[rank0]:   File "/opt/miniforge3/lib/python3.12/site-packages/lightning/pytorch/loops/fit_loop.py", line 469, in advance
[rank0]:     self.epoch_loop.run(self._data_fetcher)
[rank0]:   File "/opt/miniforge3/lib/python3.12/site-packages/lightning/pytorch/loops/training_epoch_loop.py", line 153, in run
[rank0]:     self.advance(data_fetcher)
[rank0]:   File "/opt/miniforge3/lib/python3.12/site-packages/lightning/pytorch/loops/training_epoch_loop.py", line 352, in advance
[rank0]:     batch_output = self.automatic_optimization.run(trainer.optimizers[0], batch_idx, kwargs)
[rank0]:                    ^^^^^^^^^^^^^^^^^^^^^^^^^^^^^^^^^^^^^^^^^^^^^^^^^^^^^^^^^^^^^^^^^^^^^^^^^
[rank0]:   File "/opt/miniforge3/lib/python3.12/site-packages/lightning/pytorch/loops/optimization/automatic.py", line 192, in run
[rank0]:     self._optimizer_step(batch_idx, closure)
[rank0]:   File "/opt/miniforge3/lib/python3.12/site-packages/lightning/pytorch/loops/optimization/automatic.py", line 270, in _optimizer_step
[rank0]:     call._call_lightning_module_hook(
[rank0]:   File "/opt/miniforge3/lib/python3.12/site-packages/lightning/pytorch/trainer/call.py", line 177, in _call_lightning_module_hook
[rank0]:     output = fn(*args, **kwargs)
[rank0]:              ^^^^^^^^^^^^^^^^^^^
[rank0]:   File "/opt/miniforge3/lib/python3.12/site-packages/lightning/pytorch/core/module.py", line 1368, in optimizer_step
[rank0]:     optimizer.step(closure=optimizer_closure)
[rank0]:   File "/opt/miniforge3/lib/python3.12/site-packages/lightning/pytorch/core/optimizer.py", line 154, in step
[rank0]:     step_output = self._strategy.optimizer_step(self._optimizer, closure, **kwargs)
[rank0]:                   ^^^^^^^^^^^^^^^^^^^^^^^^^^^^^^^^^^^^^^^^^^^^^^^^^^^^^^^^^^^^^^^^^
[rank0]:   File "/opt/miniforge3/lib/python3.12/site-packages/lightning/pytorch/strategies/ddp.py", line 274, in optimizer_step
[rank0]:     optimizer_output = super().optimizer_step(optimizer, closure, model, **kwargs)
[rank0]:                        ^^^^^^^^^^^^^^^^^^^^^^^^^^^^^^^^^^^^^^^^^^^^^^^^^^^^^^^^^^^
[rank0]:   File "/opt/miniforge3/lib/python3.12/site-packages/lightning/pytorch/strategies/strategy.py", line 239, in optimizer_step
[rank0]:     return self.precision_plugin.optimizer_step(optimizer, model=model, closure=closure, **kwargs)
[rank0]:            ^^^^^^^^^^^^^^^^^^^^^^^^^^^^^^^^^^^^^^^^^^^^^^^^^^^^^^^^^^^^^^^^^^^^^^^^^^^^^^^^^^^^^^^
[rank0]:   File "/opt/miniforge3/lib/python3.12/site-packages/lightning/pytorch/plugins/precision/amp.py", line 79, in optimizer_step
[rank0]:     closure_result = closure()
[rank0]:                      ^^^^^^^^^
[rank0]:   File "/opt/miniforge3/lib/python3.12/site-packages/lightning/pytorch/loops/optimization/automatic.py", line 146, in __call__
[rank0]:     self._result = self.closure(*args, **kwargs)
[rank0]:                    ^^^^^^^^^^^^^^^^^^^^^^^^^^^^^
[rank0]:   File "/opt/miniforge3/lib/python3.12/site-packages/torch/utils/_contextlib.py", line 116, in decorate_context
[rank0]:     return func(*args, **kwargs)
[rank0]:            ^^^^^^^^^^^^^^^^^^^^^
[rank0]:   File "/opt/miniforge3/lib/python3.12/site-packages/lightning/pytorch/loops/optimization/automatic.py", line 131, in closure
[rank0]:     step_output = self._step_fn()
[rank0]:                   ^^^^^^^^^^^^^^^
[rank0]:   File "/opt/miniforge3/lib/python3.12/site-packages/lightning/pytorch/loops/optimization/automatic.py", line 319, in _training_step
[rank0]:     training_step_output = call._call_strategy_hook(trainer, "training_step", *kwargs.values())
[rank0]:                            ^^^^^^^^^^^^^^^^^^^^^^^^^^^^^^^^^^^^^^^^^^^^^^^^^^^^^^^^^^^^^^^^^^^^
[rank0]:   File "/opt/miniforge3/lib/python3.12/site-packages/lightning/pytorch/trainer/call.py", line 329, in _call_strategy_hook
[rank0]:     output = fn(*args, **kwargs)
[rank0]:              ^^^^^^^^^^^^^^^^^^^
[rank0]:   File "/opt/miniforge3/lib/python3.12/site-packages/lightning/pytorch/strategies/strategy.py", line 390, in training_step
[rank0]:     return self._forward_redirection(self.model, self.lightning_module, "training_step", *args, **kwargs)
[rank0]:            ^^^^^^^^^^^^^^^^^^^^^^^^^^^^^^^^^^^^^^^^^^^^^^^^^^^^^^^^^^^^^^^^^^^^^^^^^^^^^^^^^^^^^^^^^^^^^^
[rank0]:   File "/opt/miniforge3/lib/python3.12/site-packages/lightning/pytorch/strategies/strategy.py", line 641, in __call__
[rank0]:     wrapper_output = wrapper_module(*args, **kwargs)
[rank0]:                      ^^^^^^^^^^^^^^^^^^^^^^^^^^^^^^^
[rank0]:   File "/opt/miniforge3/lib/python3.12/site-packages/torch/nn/modules/module.py", line 1736, in _wrapped_call_impl
[rank0]:     return self._call_impl(*args, **kwargs)
[rank0]:            ^^^^^^^^^^^^^^^^^^^^^^^^^^^^^^^^
[rank0]:   File "/opt/miniforge3/lib/python3.12/site-packages/torch/nn/modules/module.py", line 1747, in _call_impl
[rank0]:     return forward_call(*args, **kwargs)
[rank0]:            ^^^^^^^^^^^^^^^^^^^^^^^^^^^^^
[rank0]:   File "/opt/miniforge3/lib/python3.12/site-packages/torch/nn/parallel/distributed.py", line 1643, in forward
[rank0]:     else self._run_ddp_forward(*inputs, **kwargs)
[rank0]:          ^^^^^^^^^^^^^^^^^^^^^^^^^^^^^^^^^^^^^^^^
[rank0]:   File "/opt/miniforge3/lib/python3.12/site-packages/torch/nn/parallel/distributed.py", line 1459, in _run_ddp_forward
[rank0]:     return self.module(*inputs, **kwargs)  # type: ignore[index]
[rank0]:            ^^^^^^^^^^^^^^^^^^^^^^^^^^^^^^
[rank0]:   File "/opt/miniforge3/lib/python3.12/site-packages/torch/nn/modules/module.py", line 1736, in _wrapped_call_impl
[rank0]:     return self._call_impl(*args, **kwargs)
[rank0]:            ^^^^^^^^^^^^^^^^^^^^^^^^^^^^^^^^
[rank0]:   File "/opt/miniforge3/lib/python3.12/site-packages/torch/nn/modules/module.py", line 1747, in _call_impl
[rank0]:     return forward_call(*args, **kwargs)
[rank0]:            ^^^^^^^^^^^^^^^^^^^^^^^^^^^^^
[rank0]:   File "/opt/miniforge3/lib/python3.12/site-packages/lightning/pytorch/strategies/strategy.py", line 634, in wrapped_forward
[rank0]:     out = method(*_args, **_kwargs)
[rank0]:           ^^^^^^^^^^^^^^^^^^^^^^^^^
[rank0]:   File "/opt/miniforge3/lib/python3.12/site-packages/pytorch_forecasting/models/base/_base_model.py", line 723, in training_step
[rank0]:     log, out = self.step(x, y, batch_idx)
[rank0]:                ^^^^^^^^^^^^^^^^^^^^^^^^^^
[rank0]:   File "/opt/miniforge3/lib/python3.12/site-packages/pytorch_forecasting/models/base/_base_model.py", line 942, in step
[rank0]:     out = self(x, **kwargs)
[rank0]:           ^^^^^^^^^^^^^^^^^
[rank0]:   File "/opt/miniforge3/lib/python3.12/site-packages/torch/nn/modules/module.py", line 1736, in _wrapped_call_impl
[rank0]:     return self._call_impl(*args, **kwargs)
[rank0]:            ^^^^^^^^^^^^^^^^^^^^^^^^^^^^^^^^
[rank0]:   File "/opt/miniforge3/lib/python3.12/site-packages/torch/nn/modules/module.py", line 1747, in _call_impl
[rank0]:     return forward_call(*args, **kwargs)
[rank0]:            ^^^^^^^^^^^^^^^^^^^^^^^^^^^^^
[rank0]:   File "/opt/miniforge3/lib/python3.12/site-packages/pytorch_forecasting/models/temporal_fusion_transformer/_tft.py", line 644, in forward
[rank0]:     attn_output, attn_output_weights = self.multihead_attn(
[rank0]:                                        ^^^^^^^^^^^^^^^^^^^^
[rank0]:   File "/opt/miniforge3/lib/python3.12/site-packages/torch/nn/modules/module.py", line 1736, in _wrapped_call_impl
[rank0]:     return self._call_impl(*args, **kwargs)
[rank0]:            ^^^^^^^^^^^^^^^^^^^^^^^^^^^^^^^^
[rank0]:   File "/opt/miniforge3/lib/python3.12/site-packages/torch/nn/modules/module.py", line 1747, in _call_impl
[rank0]:     return forward_call(*args, **kwargs)
[rank0]:            ^^^^^^^^^^^^^^^^^^^^^^^^^^^^^
[rank0]:   File "/opt/miniforge3/lib/python3.12/site-packages/pytorch_forecasting/models/temporal_fusion_transformer/sub_modules.py", line 532, in forward
[rank0]:     head, attn = self.attention(qs, ks, vs, mask)
[rank0]:                  ^^^^^^^^^^^^^^^^^^^^^^^^^^^^^^^^
[rank0]:   File "/opt/miniforge3/lib/python3.12/site-packages/torch/nn/modules/module.py", line 1736, in _wrapped_call_impl
[rank0]:     return self._call_impl(*args, **kwargs)
[rank0]:            ^^^^^^^^^^^^^^^^^^^^^^^^^^^^^^^^
[rank0]:   File "/opt/miniforge3/lib/python3.12/site-packages/torch/nn/modules/module.py", line 1747, in _call_impl
[rank0]:     return forward_call(*args, **kwargs)
[rank0]:            ^^^^^^^^^^^^^^^^^^^^^^^^^^^^^
[rank0]:   File "/opt/miniforge3/lib/python3.12/site-packages/pytorch_forecasting/models/temporal_fusion_transformer/sub_modules.py", line 472, in forward
[rank0]:     attn = attn.masked_fill(mask, self.mask_bias)
[rank0]:            ^^^^^^^^^^^^^^^^^^^^^^^^^^^^^^^^^^^^^^
[rank0]: RuntimeError: value cannot be converted to type at::Half without overflow
[rank1]: Traceback (most recent call last):
[rank1]:   File "/root/train_best_tft_trial4.py", line 321, in <module>
[rank1]:     train()
[rank1]:   File "/root/train_best_tft_trial4.py", line 299, in train
[rank1]:     trainer.fit(
[rank1]:   File "/opt/miniforge3/lib/python3.12/site-packages/lightning/pytorch/trainer/trainer.py", line 584, in fit
[rank1]:     call._call_and_handle_interrupt(
[rank1]:   File "/opt/miniforge3/lib/python3.12/site-packages/lightning/pytorch/trainer/call.py", line 48, in _call_and_handle_interrupt
[rank1]:     return trainer.strategy.launcher.launch(trainer_fn, *args, trainer=trainer, **kwargs)
[rank1]:            ^^^^^^^^^^^^^^^^^^^^^^^^^^^^^^^^^^^^^^^^^^^^^^^^^^^^^^^^^^^^^^^^^^^^^^^^^^^^^^
[rank1]:   File "/opt/miniforge3/lib/python3.12/site-packages/lightning/pytorch/strategies/launchers/subprocess_script.py", line 105, in launch
[rank1]:     return function(*args, **kwargs)
[rank1]:            ^^^^^^^^^^^^^^^^^^^^^^^^^
[rank1]:   File "/opt/miniforge3/lib/python3.12/site-packages/lightning/pytorch/trainer/trainer.py", line 630, in _fit_impl
[rank1]:     self._run(model, ckpt_path=ckpt_path, weights_only=weights_only)
[rank1]:   File "/opt/miniforge3/lib/python3.12/site-packages/lightning/pytorch/trainer/trainer.py", line 1079, in _run
[rank1]:     results = self._run_stage()
[rank1]:               ^^^^^^^^^^^^^^^^^
[rank1]:   File "/opt/miniforge3/lib/python3.12/site-packages/lightning/pytorch/trainer/trainer.py", line 1123, in _run_stage
[rank1]:     self.fit_loop.run()
[rank1]:   File "/opt/miniforge3/lib/python3.12/site-packages/lightning/pytorch/loops/fit_loop.py", line 217, in run
[rank1]:     self.advance()
[rank1]:   File "/opt/miniforge3/lib/python3.12/site-packages/lightning/pytorch/loops/fit_loop.py", line 469, in advance
[rank1]:     self.epoch_loop.run(self._data_fetcher)
[rank1]:   File "/opt/miniforge3/lib/python3.12/site-packages/lightning/pytorch/loops/training_epoch_loop.py", line 153, in run
[rank1]:     self.advance(data_fetcher)
[rank1]:   File "/opt/miniforge3/lib/python3.12/site-packages/lightning/pytorch/loops/training_epoch_loop.py", line 352, in advance
[rank1]:     batch_output = self.automatic_optimization.run(trainer.optimizers[0], batch_idx, kwargs)
[rank1]:                    ^^^^^^^^^^^^^^^^^^^^^^^^^^^^^^^^^^^^^^^^^^^^^^^^^^^^^^^^^^^^^^^^^^^^^^^^^
[rank1]:   File "/opt/miniforge3/lib/python3.12/site-packages/lightning/pytorch/loops/optimization/automatic.py", line 192, in run
[rank1]:     self._optimizer_step(batch_idx, closure)
[rank1]:   File "/opt/miniforge3/lib/python3.12/site-packages/lightning/pytorch/loops/optimization/automatic.py", line 270, in _optimizer_step
[rank1]:     call._call_lightning_module_hook(
[rank1]:   File "/opt/miniforge3/lib/python3.12/site-packages/lightning/pytorch/trainer/call.py", line 177, in _call_lightning_module_hook
[rank1]:     output = fn(*args, **kwargs)
[rank1]:              ^^^^^^^^^^^^^^^^^^^
[rank1]:   File "/opt/miniforge3/lib/python3.12/site-packages/lightning/pytorch/core/module.py", line 1368, in optimizer_step
[rank1]:     optimizer.step(closure=optimizer_closure)
[rank1]:   File "/opt/miniforge3/lib/python3.12/site-packages/lightning/pytorch/core/optimizer.py", line 154, in step
[rank1]:     step_output = self._strategy.optimizer_step(self._optimizer, closure, **kwargs)
[rank1]:                   ^^^^^^^^^^^^^^^^^^^^^^^^^^^^^^^^^^^^^^^^^^^^^^^^^^^^^^^^^^^^^^^^^
[rank1]:   File "/opt/miniforge3/lib/python3.12/site-packages/lightning/pytorch/strategies/ddp.py", line 274, in optimizer_step
[rank1]:     optimizer_output = super().optimizer_step(optimizer, closure, model, **kwargs)
[rank1]:                        ^^^^^^^^^^^^^^^^^^^^^^^^^^^^^^^^^^^^^^^^^^^^^^^^^^^^^^^^^^^
[rank1]:   File "/opt/miniforge3/lib/python3.12/site-packages/lightning/pytorch/strategies/strategy.py", line 239, in optimizer_step
[rank1]:     return self.precision_plugin.optimizer_step(optimizer, model=model, closure=closure, **kwargs)
[rank1]:            ^^^^^^^^^^^^^^^^^^^^^^^^^^^^^^^^^^^^^^^^^^^^^^^^^^^^^^^^^^^^^^^^^^^^^^^^^^^^^^^^^^^^^^^
[rank1]:   File "/opt/miniforge3/lib/python3.12/site-packages/lightning/pytorch/plugins/precision/amp.py", line 79, in optimizer_step
[rank1]:     closure_result = closure()
[rank1]:                      ^^^^^^^^^
[rank1]:   File "/opt/miniforge3/lib/python3.12/site-packages/lightning/pytorch/loops/optimization/automatic.py", line 146, in __call__
[rank1]:     self._result = self.closure(*args, **kwargs)
[rank1]:                    ^^^^^^^^^^^^^^^^^^^^^^^^^^^^^
[rank1]:   File "/opt/miniforge3/lib/python3.12/site-packages/torch/utils/_contextlib.py", line 116, in decorate_context
[rank1]:     return func(*args, **kwargs)
[rank1]:            ^^^^^^^^^^^^^^^^^^^^^
[rank1]:   File "/opt/miniforge3/lib/python3.12/site-packages/lightning/pytorch/loops/optimization/automatic.py", line 131, in closure
[rank1]:     step_output = self._step_fn()
[rank1]:                   ^^^^^^^^^^^^^^^
[rank1]:   File "/opt/miniforge3/lib/python3.12/site-packages/lightning/pytorch/loops/optimization/automatic.py", line 319, in _training_step
[rank1]:     training_step_output = call._call_strategy_hook(trainer, "training_step", *kwargs.values())
[rank1]:                            ^^^^^^^^^^^^^^^^^^^^^^^^^^^^^^^^^^^^^^^^^^^^^^^^^^^^^^^^^^^^^^^^^^^^
[rank1]:   File "/opt/miniforge3/lib/python3.12/site-packages/lightning/pytorch/trainer/call.py", line 329, in _call_strategy_hook
[rank1]:     output = fn(*args, **kwargs)
[rank1]:              ^^^^^^^^^^^^^^^^^^^
[rank1]:   File "/opt/miniforge3/lib/python3.12/site-packages/lightning/pytorch/strategies/strategy.py", line 390, in training_step
[rank1]:     return self._forward_redirection(self.model, self.lightning_module, "training_step", *args, **kwargs)
[rank1]:            ^^^^^^^^^^^^^^^^^^^^^^^^^^^^^^^^^^^^^^^^^^^^^^^^^^^^^^^^^^^^^^^^^^^^^^^^^^^^^^^^^^^^^^^^^^^^^^
[rank1]:   File "/opt/miniforge3/lib/python3.12/site-packages/lightning/pytorch/strategies/strategy.py", line 641, in __call__
[rank1]:     wrapper_output = wrapper_module(*args, **kwargs)
[rank1]:                      ^^^^^^^^^^^^^^^^^^^^^^^^^^^^^^^
[rank1]:   File "/opt/miniforge3/lib/python3.12/site-packages/torch/nn/modules/module.py", line 1736, in _wrapped_call_impl
[rank1]:     return self._call_impl(*args, **kwargs)
[rank1]:            ^^^^^^^^^^^^^^^^^^^^^^^^^^^^^^^^
[rank1]:   File "/opt/miniforge3/lib/python3.12/site-packages/torch/nn/modules/module.py", line 1747, in _call_impl
[rank1]:     return forward_call(*args, **kwargs)
[rank1]:            ^^^^^^^^^^^^^^^^^^^^^^^^^^^^^
[rank1]:   File "/opt/miniforge3/lib/python3.12/site-packages/torch/nn/parallel/distributed.py", line 1643, in forward
[rank1]:     else self._run_ddp_forward(*inputs, **kwargs)
[rank1]:          ^^^^^^^^^^^^^^^^^^^^^^^^^^^^^^^^^^^^^^^^
[rank1]:   File "/opt/miniforge3/lib/python3.12/site-packages/torch/nn/parallel/distributed.py", line 1459, in _run_ddp_forward
[rank1]:     return self.module(*inputs, **kwargs)  # type: ignore[index]
[rank1]:            ^^^^^^^^^^^^^^^^^^^^^^^^^^^^^^
[rank1]:   File "/opt/miniforge3/lib/python3.12/site-packages/torch/nn/modules/module.py", line 1736, in _wrapped_call_impl
[rank1]:     return self._call_impl(*args, **kwargs)
[rank1]:            ^^^^^^^^^^^^^^^^^^^^^^^^^^^^^^^^
[rank1]:   File "/opt/miniforge3/lib/python3.12/site-packages/torch/nn/modules/module.py", line 1747, in _call_impl
[rank1]:     return forward_call(*args, **kwargs)
[rank1]:            ^^^^^^^^^^^^^^^^^^^^^^^^^^^^^
[rank1]:   File "/opt/miniforge3/lib/python3.12/site-packages/lightning/pytorch/strategies/strategy.py", line 634, in wrapped_forward
[rank1]:     out = method(*_args, **_kwargs)
[rank1]:           ^^^^^^^^^^^^^^^^^^^^^^^^^
[rank1]:   File "/opt/miniforge3/lib/python3.12/site-packages/pytorch_forecasting/models/base/_base_model.py", line 723, in training_step
[rank1]:     log, out = self.step(x, y, batch_idx)
[rank1]:                ^^^^^^^^^^^^^^^^^^^^^^^^^^
[rank1]:   File "/opt/miniforge3/lib/python3.12/site-packages/pytorch_forecasting/models/base/_base_model.py", line 942, in step
[rank1]:     out = self(x, **kwargs)
[rank1]:           ^^^^^^^^^^^^^^^^^
[rank1]:   File "/opt/miniforge3/lib/python3.12/site-packages/torch/nn/modules/module.py", line 1736, in _wrapped_call_impl
[rank1]:     return self._call_impl(*args, **kwargs)
[rank1]:            ^^^^^^^^^^^^^^^^^^^^^^^^^^^^^^^^
[rank1]:   File "/opt/miniforge3/lib/python3.12/site-packages/torch/nn/modules/module.py", line 1747, in _call_impl
[rank1]:     return forward_call(*args, **kwargs)
[rank1]:            ^^^^^^^^^^^^^^^^^^^^^^^^^^^^^
[rank1]:   File "/opt/miniforge3/lib/python3.12/site-packages/pytorch_forecasting/models/temporal_fusion_transformer/_tft.py", line 644, in forward
[rank1]:     attn_output, attn_output_weights = self.multihead_attn(
[rank1]:                                        ^^^^^^^^^^^^^^^^^^^^
[rank1]:   File "/opt/miniforge3/lib/python3.12/site-packages/torch/nn/modules/module.py", line 1736, in _wrapped_call_impl
[rank1]:     return self._call_impl(*args, **kwargs)
[rank1]:            ^^^^^^^^^^^^^^^^^^^^^^^^^^^^^^^^
[rank1]:   File "/opt/miniforge3/lib/python3.12/site-packages/torch/nn/modules/module.py", line 1747, in _call_impl
[rank1]:     return forward_call(*args, **kwargs)
[rank1]:            ^^^^^^^^^^^^^^^^^^^^^^^^^^^^^
[rank1]:   File "/opt/miniforge3/lib/python3.12/site-packages/pytorch_forecasting/models/temporal_fusion_transformer/sub_modules.py", line 532, in forward
[rank1]:     head, attn = self.attention(qs, ks, vs, mask)
[rank1]:                  ^^^^^^^^^^^^^^^^^^^^^^^^^^^^^^^^
[rank1]:   File "/opt/miniforge3/lib/python3.12/site-packages/torch/nn/modules/module.py", line 1736, in _wrapped_call_impl
[rank1]:     return self._call_impl(*args, **kwargs)
[rank1]:            ^^^^^^^^^^^^^^^^^^^^^^^^^^^^^^^^
[rank1]:   File "/opt/miniforge3/lib/python3.12/site-packages/torch/nn/modules/module.py", line 1747, in _call_impl
[rank1]:     return forward_call(*args, **kwargs)
[rank1]:            ^^^^^^^^^^^^^^^^^^^^^^^^^^^^^
[rank1]:   File "/opt/miniforge3/lib/python3.12/site-packages/pytorch_forecasting/models/temporal_fusion_transformer/sub_modules.py", line 472, in forward
[rank1]:     attn = attn.masked_fill(mask, self.mask_bias)
[rank1]:            ^^^^^^^^^^^^^^^^^^^^^^^^^^^^^^^^^^^^^^
[rank1]: RuntimeError: value cannot be converted to type at::Half without overflow
Epoch 0:   0%|          | 0/2738 [00:03<?, ?it/s]
E0609 11:52:15.347000 2121424 site-packages/torch/distributed/elastic/multiprocessing/api.py:869] failed (exitcode: 1) local_rank: 0 (pid: 2121550) of binary: /opt/miniforge3/bin/python
Traceback (most recent call last):
  File "<frozen runpy>", line 198, in _run_module_as_main
  File "<frozen runpy>", line 88, in _run_code
  File "/opt/miniforge3/lib/python3.12/site-packages/torch/distributed/run.py", line 923, in <module>
    main()
  File "/opt/miniforge3/lib/python3.12/site-packages/torch/distributed/elastic/multiprocessing/errors/__init__.py", line 355, in wrapper
    return f(*args, **kwargs)
           ^^^^^^^^^^^^^^^^^^
  File "/opt/miniforge3/lib/python3.12/site-packages/torch/distributed/run.py", line 919, in main
    run(args)
  File "/opt/miniforge3/lib/python3.12/site-packages/torch/distributed/run.py", line 910, in run
    elastic_launch(
  File "/opt/miniforge3/lib/python3.12/site-packages/torch/distributed/launcher/api.py", line 138, in __call__
    return launch_agent(self._config, self._entrypoint, list(args))
           ^^^^^^^^^^^^^^^^^^^^^^^^^^^^^^^^^^^^^^^^^^^^^^^^^^^^^^^^
  File "/opt/miniforge3/lib/python3.12/site-packages/torch/distributed/launcher/api.py", line 269, in launch_agent
    raise ChildFailedError(
torch.distributed.elastic.multiprocessing.errors.ChildFailedError: 
============================================================
train_best_tft_trial4.py FAILED
------------------------------------------------------------
Failures:
[1]:
  time      : 2026-06-09_11:52:15
  host      : 876336ee4137
  rank      : 1 (local_rank: 1)
  exitcode  : 1 (pid: 2121551)
  error_file: <N/A>
  traceback : To enable traceback see: https://pytorch.org/docs/stable/elastic/errors.html
------------------------------------------------------------
Root Cause (first observed failure):
[0]:
  time      : 2026-06-09_11:52:15
  host      : 876336ee4137
  rank      : 0 (local_rank: 0)
  exitcode  : 1 (pid: 2121550)
  error_file: <N/A>
  traceback : To enable traceback see: https://pytorch.org/docs/stable/elastic/errors.html
============================================================
Finished TFT final training with status 1 at Tue Jun  9 11:52:15 CST 2026
